<?xml version="1.0" encoding="UTF-8"?>
<!-- Generated by org.testng.reporters.JUnitReportReporter -->
<testsuite hostname="DESKTOP-E1K2OQS" name="Cucumber.Automation.AppTest" tests="1" failures="0" timestamp="25 Apr 2018 19:39:24 GMT" time="0.005" errors="0">
  <testcase name="testApp" time="0.005" classname="Cucumber.Automation.AppTest"/>
</testsuite> <!-- Cucumber.Automation.AppTest -->
